d:\workcode\qtestall\qisp\x64\release\qispcustomplot.obj
d:\workcode\qtestall\qisp\x64\release\qcustomplot.obj
d:\workcode\qtestall\qisp\x64\release\ispwb.obj
d:\workcode\qtestall\qisp\x64\release\isptoolbox.obj
d:\workcode\qtestall\qisp\x64\release\isptiltcorrection.obj
d:\workcode\qtestall\qisp\x64\release\ispspacecorrection.obj
d:\workcode\qtestall\qisp\x64\release\ispmc.obj
d:\workcode\qtestall\qisp\x64\release\ispfocuscorrection.obj
d:\workcode\qtestall\qisp\x64\release\ispffc2.obj
d:\workcode\qtestall\qisp\x64\release\ispffc1.obj
d:\workcode\qtestall\qisp\x64\release\ispdockwidget.obj
d:\workcode\qtestall\qisp\x64\release\ispcc.obj
d:\workcode\qtestall\qisp\x64\release\moc_qispcustomplot.obj
d:\workcode\qtestall\qisp\x64\release\moc_qcustomplot.obj
d:\workcode\qtestall\qisp\x64\release\moc_isptiltcorrection.obj
d:\workcode\qtestall\qisp\x64\release\moc_ispspacecorrection.obj
d:\workcode\qtestall\qisp\generatedfiles\release\moc_qcustomplot.cpp
d:\workcode\qtestall\qisp\generatedfiles\release\moc_qispcustomplot.cpp
d:\workcode\qtestall\qisp\generatedfiles\release\moc_isptiltcorrection.cpp
d:\workcode\qtestall\qisp\generatedfiles\release\moc_ispspacecorrection.cpp
d:\workcode\qtestall\x64\release\qisp.lib
d:\workcode\qtestall\qisp\x64\release\qisp.tlog\cl.command.1.tlog
d:\workcode\qtestall\qisp\x64\release\qisp.tlog\cl.read.1.tlog
d:\workcode\qtestall\qisp\x64\release\qisp.tlog\cl.write.1.tlog
d:\workcode\qtestall\qisp\x64\release\qisp.tlog\custombuild.command.1.tlog
d:\workcode\qtestall\qisp\x64\release\qisp.tlog\custombuild.read.1.tlog
d:\workcode\qtestall\qisp\x64\release\qisp.tlog\custombuild.write.1.tlog
d:\workcode\qtestall\qisp\x64\release\qisp.tlog\lib-link.read.1.tlog
d:\workcode\qtestall\qisp\x64\release\qisp.tlog\lib-link.write.1.tlog
d:\workcode\qtestall\qisp\x64\release\qisp.tlog\lib.command.1.tlog
