d:\workcode\qtestall\qisp\x64\debug\qisp.pdb
d:\workcode\qtestall\qisp\x64\debug\ispwb.obj
d:\workcode\qtestall\qisp\x64\debug\isptoolbox.obj
d:\workcode\qtestall\qisp\x64\debug\isptiltcorrection.obj
d:\workcode\qtestall\qisp\x64\debug\ispspacecorrection.obj
d:\workcode\qtestall\qisp\x64\debug\ispmc.obj
d:\workcode\qtestall\qisp\x64\debug\ispfocuscorrection.obj
d:\workcode\qtestall\qisp\x64\debug\ispffc2.obj
d:\workcode\qtestall\qisp\x64\debug\ispffc1.obj
d:\workcode\qtestall\qisp\x64\debug\ispdockwidget.obj
d:\workcode\qtestall\qisp\x64\debug\ispcc.obj
d:\workcode\qtestall\qisp\x64\debug\moc_qispcustomplot.obj
d:\workcode\qtestall\qisp\x64\debug\moc_qcustomplot.obj
d:\workcode\qtestall\qisp\x64\debug\moc_ispwb.obj
d:\workcode\qtestall\qisp\x64\debug\moc_isptiltcorrection.obj
d:\workcode\qtestall\qisp\x64\debug\moc_ispspacecorrection.obj
d:\workcode\qtestall\qisp\x64\debug\moc_ispmc.obj
d:\workcode\qtestall\qisp\x64\debug\moc_ispfocuscorrection.obj
d:\workcode\qtestall\qisp\x64\debug\moc_ispffc2.obj
d:\workcode\qtestall\qisp\x64\debug\moc_ispffc1.obj
d:\workcode\qtestall\qisp\x64\debug\moc_ispcc.obj
d:\workcode\qtestall\qisp\x64\debug\qispcustomplot.obj
d:\workcode\qtestall\qisp\x64\debug\qcustomplot.obj
d:\workcode\qtestall\qisp\generatedfiles\debug\moc_qcustomplot.cpp
d:\workcode\qtestall\qisp\generatedfiles\debug\moc_qispcustomplot.cpp
d:\workcode\qtestall\qisp\generatedfiles\debug\moc_ispffc1.cpp
d:\workcode\qtestall\qisp\generatedfiles\debug\moc_ispffc2.cpp
d:\workcode\qtestall\qisp\generatedfiles\debug\moc_ispfocuscorrection.cpp
d:\workcode\qtestall\qisp\generatedfiles\debug\moc_ispmc.cpp
d:\workcode\qtestall\qisp\generatedfiles\debug\moc_isptiltcorrection.cpp
d:\workcode\qtestall\qisp\generatedfiles\debug\moc_ispspacecorrection.cpp
d:\workcode\qtestall\qisp\generatedfiles\debug\moc_ispcc.cpp
d:\workcode\qtestall\qisp\generatedfiles\debug\moc_ispwb.cpp
d:\workcode\qtestall\x64\debug\qisp.lib
d:\workcode\qtestall\x64\debug\qisp.pdb
d:\workcode\qtestall\qisp\x64\debug\qisp.tlog\cl.command.1.tlog
d:\workcode\qtestall\qisp\x64\debug\qisp.tlog\cl.read.1.tlog
d:\workcode\qtestall\qisp\x64\debug\qisp.tlog\cl.write.1.tlog
d:\workcode\qtestall\qisp\x64\debug\qisp.tlog\custombuild.command.1.tlog
d:\workcode\qtestall\qisp\x64\debug\qisp.tlog\custombuild.read.1.tlog
d:\workcode\qtestall\qisp\x64\debug\qisp.tlog\custombuild.write.1.tlog
d:\workcode\qtestall\qisp\x64\debug\qisp.tlog\lib-link.read.1.tlog
d:\workcode\qtestall\qisp\x64\debug\qisp.tlog\lib-link.write.1.tlog
d:\workcode\qtestall\qisp\x64\debug\qisp.tlog\lib.command.1.tlog
